[0.347s] Invoking command in '/home/hk/turtlebot3_term_pj': PYTHONPATH=/home/hk/turtlebot3_term_pj/build/turtlebot3_term_pj/prefix_override:/usr/lib/python3/dist-packages/colcon_core/task/python/colcon_distutils_commands:/home/hk/turtlebot3_term_pj/install/turtlebot3_term_pj/lib/python3.10/site-packages:${PYTHONPATH} /usr/bin/python3 -W ignore:setup.py install is deprecated -W ignore:easy_install command is deprecated setup.py egg_info --egg-base build/turtlebot3_term_pj build --build-base /home/hk/turtlebot3_term_pj/build/turtlebot3_term_pj/build install --record /home/hk/turtlebot3_term_pj/build/turtlebot3_term_pj/install.log --single-version-externally-managed install_data
[0.490s] running egg_info
[0.490s] creating build/turtlebot3_term_pj/turtlebot3_term_pj.egg-info
[0.490s] writing build/turtlebot3_term_pj/turtlebot3_term_pj.egg-info/PKG-INFO
[0.490s] writing dependency_links to build/turtlebot3_term_pj/turtlebot3_term_pj.egg-info/dependency_links.txt
[0.490s] writing entry points to build/turtlebot3_term_pj/turtlebot3_term_pj.egg-info/entry_points.txt
[0.490s] writing requirements to build/turtlebot3_term_pj/turtlebot3_term_pj.egg-info/requires.txt
[0.490s] writing top-level names to build/turtlebot3_term_pj/turtlebot3_term_pj.egg-info/top_level.txt
[0.490s] writing manifest file 'build/turtlebot3_term_pj/turtlebot3_term_pj.egg-info/SOURCES.txt'
[0.491s] reading manifest file 'build/turtlebot3_term_pj/turtlebot3_term_pj.egg-info/SOURCES.txt'
[0.492s] writing manifest file 'build/turtlebot3_term_pj/turtlebot3_term_pj.egg-info/SOURCES.txt'
[0.492s] running build
[0.492s] running build_py
[0.492s] creating /home/hk/turtlebot3_term_pj/build/turtlebot3_term_pj/build
[0.492s] creating /home/hk/turtlebot3_term_pj/build/turtlebot3_term_pj/build/lib
[0.492s] creating /home/hk/turtlebot3_term_pj/build/turtlebot3_term_pj/build/lib/turtlebot3_term_pj
[0.492s] copying turtlebot3_term_pj/teleop_gui.py -> /home/hk/turtlebot3_term_pj/build/turtlebot3_term_pj/build/lib/turtlebot3_term_pj
[0.492s] copying turtlebot3_term_pj/__init__.py -> /home/hk/turtlebot3_term_pj/build/turtlebot3_term_pj/build/lib/turtlebot3_term_pj
[0.492s] running install
[0.492s] running install_lib
[0.493s] creating /home/hk/turtlebot3_term_pj/install/turtlebot3_term_pj/lib/python3.10/site-packages/turtlebot3_term_pj
[0.493s] copying /home/hk/turtlebot3_term_pj/build/turtlebot3_term_pj/build/lib/turtlebot3_term_pj/teleop_gui.py -> /home/hk/turtlebot3_term_pj/install/turtlebot3_term_pj/lib/python3.10/site-packages/turtlebot3_term_pj
[0.493s] copying /home/hk/turtlebot3_term_pj/build/turtlebot3_term_pj/build/lib/turtlebot3_term_pj/__init__.py -> /home/hk/turtlebot3_term_pj/install/turtlebot3_term_pj/lib/python3.10/site-packages/turtlebot3_term_pj
[0.493s] byte-compiling /home/hk/turtlebot3_term_pj/install/turtlebot3_term_pj/lib/python3.10/site-packages/turtlebot3_term_pj/teleop_gui.py to teleop_gui.cpython-310.pyc
[0.493s] byte-compiling /home/hk/turtlebot3_term_pj/install/turtlebot3_term_pj/lib/python3.10/site-packages/turtlebot3_term_pj/__init__.py to __init__.cpython-310.pyc
[0.493s] running install_data
[0.493s] creating /home/hk/turtlebot3_term_pj/install/turtlebot3_term_pj/share/ament_index
[0.493s] creating /home/hk/turtlebot3_term_pj/install/turtlebot3_term_pj/share/ament_index/resource_index
[0.493s] creating /home/hk/turtlebot3_term_pj/install/turtlebot3_term_pj/share/ament_index/resource_index/packages
[0.493s] copying resource/turtlebot3_term_pj -> /home/hk/turtlebot3_term_pj/install/turtlebot3_term_pj/share/ament_index/resource_index/packages
[0.494s] copying package.xml -> /home/hk/turtlebot3_term_pj/install/turtlebot3_term_pj/share/turtlebot3_term_pj
[0.494s] running install_egg_info
[0.495s] Copying build/turtlebot3_term_pj/turtlebot3_term_pj.egg-info to /home/hk/turtlebot3_term_pj/install/turtlebot3_term_pj/lib/python3.10/site-packages/turtlebot3_term_pj-0.0.0-py3.10.egg-info
[0.495s] running install_scripts
[0.507s] Installing teleop_gui script to /home/hk/turtlebot3_term_pj/install/turtlebot3_term_pj/lib/turtlebot3_term_pj
[0.507s] writing list of installed files to '/home/hk/turtlebot3_term_pj/build/turtlebot3_term_pj/install.log'
[0.520s] Invoked command in '/home/hk/turtlebot3_term_pj' returned '0': PYTHONPATH=/home/hk/turtlebot3_term_pj/build/turtlebot3_term_pj/prefix_override:/usr/lib/python3/dist-packages/colcon_core/task/python/colcon_distutils_commands:/home/hk/turtlebot3_term_pj/install/turtlebot3_term_pj/lib/python3.10/site-packages:${PYTHONPATH} /usr/bin/python3 -W ignore:setup.py install is deprecated -W ignore:easy_install command is deprecated setup.py egg_info --egg-base build/turtlebot3_term_pj build --build-base /home/hk/turtlebot3_term_pj/build/turtlebot3_term_pj/build install --record /home/hk/turtlebot3_term_pj/build/turtlebot3_term_pj/install.log --single-version-externally-managed install_data
