running egg_info
writing ../../build/turtlebot3_term_pj/turtlebot3_term_pj.egg-info/PKG-INFO
writing dependency_links to ../../build/turtlebot3_term_pj/turtlebot3_term_pj.egg-info/dependency_links.txt
writing entry points to ../../build/turtlebot3_term_pj/turtlebot3_term_pj.egg-info/entry_points.txt
writing requirements to ../../build/turtlebot3_term_pj/turtlebot3_term_pj.egg-info/requires.txt
writing top-level names to ../../build/turtlebot3_term_pj/turtlebot3_term_pj.egg-info/top_level.txt
reading manifest file '../../build/turtlebot3_term_pj/turtlebot3_term_pj.egg-info/SOURCES.txt'
writing manifest file '../../build/turtlebot3_term_pj/turtlebot3_term_pj.egg-info/SOURCES.txt'
running build
running build_py
copying turtlebot3_term_pj/ui_master.py -> /home/hk/turtlebot3_term_pj/build/turtlebot3_term_pj/build/lib/turtlebot3_term_pj
copying turtlebot3_term_pj/master.py -> /home/hk/turtlebot3_term_pj/build/turtlebot3_term_pj/build/lib/turtlebot3_term_pj
running install
running install_lib
copying /home/hk/turtlebot3_term_pj/build/turtlebot3_term_pj/build/lib/turtlebot3_term_pj/ui_master.py -> /home/hk/turtlebot3_term_pj/install/turtlebot3_term_pj/lib/python3.10/site-packages/turtlebot3_term_pj
copying /home/hk/turtlebot3_term_pj/build/turtlebot3_term_pj/build/lib/turtlebot3_term_pj/master.py -> /home/hk/turtlebot3_term_pj/install/turtlebot3_term_pj/lib/python3.10/site-packages/turtlebot3_term_pj
byte-compiling /home/hk/turtlebot3_term_pj/install/turtlebot3_term_pj/lib/python3.10/site-packages/turtlebot3_term_pj/ui_master.py to ui_master.cpython-310.pyc
byte-compiling /home/hk/turtlebot3_term_pj/install/turtlebot3_term_pj/lib/python3.10/site-packages/turtlebot3_term_pj/master.py to master.cpython-310.pyc
running install_data
running install_egg_info
removing '/home/hk/turtlebot3_term_pj/install/turtlebot3_term_pj/lib/python3.10/site-packages/turtlebot3_term_pj-0.0.0-py3.10.egg-info' (and everything under it)
Copying ../../build/turtlebot3_term_pj/turtlebot3_term_pj.egg-info to /home/hk/turtlebot3_term_pj/install/turtlebot3_term_pj/lib/python3.10/site-packages/turtlebot3_term_pj-0.0.0-py3.10.egg-info
running install_scripts
Installing patrol_node script to /home/hk/turtlebot3_term_pj/install/turtlebot3_term_pj/lib/turtlebot3_term_pj
Installing teleop_gui script to /home/hk/turtlebot3_term_pj/install/turtlebot3_term_pj/lib/turtlebot3_term_pj
Installing ui_main_node script to /home/hk/turtlebot3_term_pj/install/turtlebot3_term_pj/lib/turtlebot3_term_pj
writing list of installed files to '/home/hk/turtlebot3_term_pj/build/turtlebot3_term_pj/install.log'
