[0.343s] Invoking command in '/home/hk/turtlebot3_term_pj/src/turtlebot3_term_pj': PYTHONPATH=/home/hk/turtlebot3_term_pj/build/turtlebot3_term_pj/prefix_override:/usr/lib/python3/dist-packages/colcon_core/task/python/colcon_distutils_commands:/home/hk/turtlebot3_term_pj/install/turtlebot3_term_pj/lib/python3.10/site-packages:${PYTHONPATH} /usr/bin/python3 -W ignore:setup.py install is deprecated -W ignore:easy_install command is deprecated setup.py egg_info --egg-base ../../build/turtlebot3_term_pj build --build-base /home/hk/turtlebot3_term_pj/build/turtlebot3_term_pj/build install --record /home/hk/turtlebot3_term_pj/build/turtlebot3_term_pj/install.log --single-version-externally-managed install_data
[0.482s] running egg_info
[0.482s] writing ../../build/turtlebot3_term_pj/turtlebot3_term_pj.egg-info/PKG-INFO
[0.482s] writing dependency_links to ../../build/turtlebot3_term_pj/turtlebot3_term_pj.egg-info/dependency_links.txt
[0.483s] writing entry points to ../../build/turtlebot3_term_pj/turtlebot3_term_pj.egg-info/entry_points.txt
[0.483s] writing requirements to ../../build/turtlebot3_term_pj/turtlebot3_term_pj.egg-info/requires.txt
[0.483s] writing top-level names to ../../build/turtlebot3_term_pj/turtlebot3_term_pj.egg-info/top_level.txt
[0.484s] reading manifest file '../../build/turtlebot3_term_pj/turtlebot3_term_pj.egg-info/SOURCES.txt'
[0.484s] writing manifest file '../../build/turtlebot3_term_pj/turtlebot3_term_pj.egg-info/SOURCES.txt'
[0.484s] running build
[0.484s] running build_py
[0.484s] copying turtlebot3_term_pj/__init__.py -> /home/hk/turtlebot3_term_pj/build/turtlebot3_term_pj/build/lib/turtlebot3_term_pj
[0.484s] running install
[0.484s] running install_lib
[0.485s] copying /home/hk/turtlebot3_term_pj/build/turtlebot3_term_pj/build/lib/turtlebot3_term_pj/__init__.py -> /home/hk/turtlebot3_term_pj/install/turtlebot3_term_pj/lib/python3.10/site-packages/turtlebot3_term_pj
[0.485s] running install_data
[0.485s] copying resource/turtlebot3_term_pj -> /home/hk/turtlebot3_term_pj/install/turtlebot3_term_pj/share/ament_index/resource_index/packages
[0.485s] copying package.xml -> /home/hk/turtlebot3_term_pj/install/turtlebot3_term_pj/share/turtlebot3_term_pj
[0.485s] running install_egg_info
[0.486s] removing '/home/hk/turtlebot3_term_pj/install/turtlebot3_term_pj/lib/python3.10/site-packages/turtlebot3_term_pj-0.0.0-py3.10.egg-info' (and everything under it)
[0.486s] Copying ../../build/turtlebot3_term_pj/turtlebot3_term_pj.egg-info to /home/hk/turtlebot3_term_pj/install/turtlebot3_term_pj/lib/python3.10/site-packages/turtlebot3_term_pj-0.0.0-py3.10.egg-info
[0.487s] running install_scripts
[0.498s] Installing teleop_gui script to /home/hk/turtlebot3_term_pj/install/turtlebot3_term_pj/lib/turtlebot3_term_pj
[0.498s] writing list of installed files to '/home/hk/turtlebot3_term_pj/build/turtlebot3_term_pj/install.log'
[0.511s] Invoked command in '/home/hk/turtlebot3_term_pj/src/turtlebot3_term_pj' returned '0': PYTHONPATH=/home/hk/turtlebot3_term_pj/build/turtlebot3_term_pj/prefix_override:/usr/lib/python3/dist-packages/colcon_core/task/python/colcon_distutils_commands:/home/hk/turtlebot3_term_pj/install/turtlebot3_term_pj/lib/python3.10/site-packages:${PYTHONPATH} /usr/bin/python3 -W ignore:setup.py install is deprecated -W ignore:easy_install command is deprecated setup.py egg_info --egg-base ../../build/turtlebot3_term_pj build --build-base /home/hk/turtlebot3_term_pj/build/turtlebot3_term_pj/build install --record /home/hk/turtlebot3_term_pj/build/turtlebot3_term_pj/install.log --single-version-externally-managed install_data
