[0.392s] Invoking command in '/home/hk/turtlebot3_term_pj/src/turtlebot3_term_pj': PYTHONPATH=/home/hk/turtlebot3_term_pj/build/turtlebot3_term_pj/prefix_override:/usr/lib/python3/dist-packages/colcon_core/task/python/colcon_distutils_commands:/home/hk/turtlebot3_term_pj/install/turtlebot3_term_pj/lib/python3.10/site-packages:${PYTHONPATH} /usr/bin/python3 -W ignore:setup.py install is deprecated -W ignore:easy_install command is deprecated setup.py egg_info --egg-base ../../build/turtlebot3_term_pj build --build-base /home/hk/turtlebot3_term_pj/build/turtlebot3_term_pj/build install --record /home/hk/turtlebot3_term_pj/build/turtlebot3_term_pj/install.log --single-version-externally-managed install_data
[0.545s] running egg_info
[0.546s] writing ../../build/turtlebot3_term_pj/turtlebot3_term_pj.egg-info/PKG-INFO
[0.546s] writing dependency_links to ../../build/turtlebot3_term_pj/turtlebot3_term_pj.egg-info/dependency_links.txt
[0.546s] writing entry points to ../../build/turtlebot3_term_pj/turtlebot3_term_pj.egg-info/entry_points.txt
[0.546s] writing requirements to ../../build/turtlebot3_term_pj/turtlebot3_term_pj.egg-info/requires.txt
[0.546s] writing top-level names to ../../build/turtlebot3_term_pj/turtlebot3_term_pj.egg-info/top_level.txt
[0.547s] reading manifest file '../../build/turtlebot3_term_pj/turtlebot3_term_pj.egg-info/SOURCES.txt'
[0.547s] writing manifest file '../../build/turtlebot3_term_pj/turtlebot3_term_pj.egg-info/SOURCES.txt'
[0.547s] running build
[0.547s] running build_py
[0.547s] copying turtlebot3_term_pj/patrol_node.py -> /home/hk/turtlebot3_term_pj/build/turtlebot3_term_pj/build/lib/turtlebot3_term_pj
[0.548s] running install
[0.548s] running install_lib
[0.548s] copying /home/hk/turtlebot3_term_pj/build/turtlebot3_term_pj/build/lib/turtlebot3_term_pj/patrol_node.py -> /home/hk/turtlebot3_term_pj/install/turtlebot3_term_pj/lib/python3.10/site-packages/turtlebot3_term_pj
[0.549s] byte-compiling /home/hk/turtlebot3_term_pj/install/turtlebot3_term_pj/lib/python3.10/site-packages/turtlebot3_term_pj/patrol_node.py to patrol_node.cpython-310.pyc
[0.549s] running install_data
[0.549s] running install_egg_info
[0.550s] removing '/home/hk/turtlebot3_term_pj/install/turtlebot3_term_pj/lib/python3.10/site-packages/turtlebot3_term_pj-0.0.0-py3.10.egg-info' (and everything under it)
[0.550s] Copying ../../build/turtlebot3_term_pj/turtlebot3_term_pj.egg-info to /home/hk/turtlebot3_term_pj/install/turtlebot3_term_pj/lib/python3.10/site-packages/turtlebot3_term_pj-0.0.0-py3.10.egg-info
[0.551s] running install_scripts
[0.564s] Installing patrol_node script to /home/hk/turtlebot3_term_pj/install/turtlebot3_term_pj/lib/turtlebot3_term_pj
[0.564s] writing list of installed files to '/home/hk/turtlebot3_term_pj/build/turtlebot3_term_pj/install.log'
[0.578s] Invoked command in '/home/hk/turtlebot3_term_pj/src/turtlebot3_term_pj' returned '0': PYTHONPATH=/home/hk/turtlebot3_term_pj/build/turtlebot3_term_pj/prefix_override:/usr/lib/python3/dist-packages/colcon_core/task/python/colcon_distutils_commands:/home/hk/turtlebot3_term_pj/install/turtlebot3_term_pj/lib/python3.10/site-packages:${PYTHONPATH} /usr/bin/python3 -W ignore:setup.py install is deprecated -W ignore:easy_install command is deprecated setup.py egg_info --egg-base ../../build/turtlebot3_term_pj build --build-base /home/hk/turtlebot3_term_pj/build/turtlebot3_term_pj/build install --record /home/hk/turtlebot3_term_pj/build/turtlebot3_term_pj/install.log --single-version-externally-managed install_data
